[debug] [2021-02-26T23:59:41.398Z] ----------------------------------------------------------------------
[debug] [2021-02-26T23:59:41.400Z] Command:       D:\Soft\Utilities\node.exe C:\Users\loshp\AppData\Roaming\npm\node_modules\firebase-tools\lib\bin\firebase.js emulators:start
[debug] [2021-02-26T23:59:41.400Z] CLI Version:   9.5.0
[debug] [2021-02-26T23:59:41.400Z] Platform:      win32
[debug] [2021-02-26T23:59:41.400Z] Node Version:  v15.1.0
[debug] [2021-02-26T23:59:41.401Z] Time:          Sat Feb 27 2021 01:59:41 GMT+0200 (Eastern European Standard Time)
[debug] [2021-02-26T23:59:41.401Z] ----------------------------------------------------------------------
[debug] [2021-02-26T23:59:41.402Z] 
[debug] [2021-02-26T23:59:41.407Z] > command requires scopes: ["email","openid","https://www.googleapis.com/auth/cloudplatformprojects.readonly","https://www.googleapis.com/auth/firebase","https://www.googleapis.com/auth/cloud-platform"]
[debug] [2021-02-26T23:59:41.407Z] > authorizing via signed-in user
[info] i  emulators: Starting emulators: functions, hosting {"metadata":{"emulator":{"name":"hub"},"message":"Starting emulators: functions, hosting"}}
[debug] [2021-02-26T23:59:41.428Z] [hub] writing locator at C:\Users\loshp\AppData\Local\Temp\hub-ia-291a4.json
[warn] !  functions: The following emulators are not running, calls to these services from the Functions emulator will affect production: auth, firestore, database, pubsub {"metadata":{"emulator":{"name":"functions"},"message":"The following emulators are not running, calls to these services from the Functions emulator will affect production: \u001b[1mauth, firestore, database, pubsub\u001b[22m"}}
[warn] !  Your requested "node" version "12" doesn't match your global version "15" {"metadata":{"emulator":{"name":"functions"},"message":"Your requested \"node\" version \"12\" doesn't match your global version \"15\""}}
[debug] [2021-02-26T23:59:41.459Z] defaultcredentials: writing to file C:\Users\loshp\AppData\Roaming\firebase\max_sharinov_gmail.com_application_default_credentials.json
[debug] [2021-02-26T23:59:41.460Z] Setting GAC to C:\Users\loshp\AppData\Roaming\firebase\max_sharinov_gmail.com_application_default_credentials.json {"metadata":{"emulator":{"name":"functions"},"message":"Setting GAC to C:\\Users\\loshp\\AppData\\Roaming\\firebase\\max_sharinov_gmail.com_application_default_credentials.json"}}
[debug] [2021-02-26T23:59:41.461Z] >>> [apiv2][query] GET https://firebase.googleapis.com/v1beta1/projects/ia-291a4/adminSdkConfig [none]
[debug] [2021-02-26T23:59:41.857Z] <<< [apiv2][status] GET https://firebase.googleapis.com/v1beta1/projects/ia-291a4/adminSdkConfig 200
[debug] [2021-02-26T23:59:41.857Z] <<< [apiv2][body] GET https://firebase.googleapis.com/v1beta1/projects/ia-291a4/adminSdkConfig {"projectId":"ia-291a4","storageBucket":"ia-291a4.appspot.com"}
[debug] [2021-02-26T23:59:41.866Z] >>> [apiv2][query] GET https://firebase.googleapis.com/v1beta1/projects/ia-291a4/webApps/-/config [none]
[debug] [2021-02-26T23:59:42.612Z] <<< [apiv2][status] GET https://firebase.googleapis.com/v1beta1/projects/ia-291a4/webApps/-/config 200
[debug] [2021-02-26T23:59:42.612Z] <<< [apiv2][body] GET https://firebase.googleapis.com/v1beta1/projects/ia-291a4/webApps/-/config {"projectId":"ia-291a4","appId":"1:560232038900:web:49aca2324f1936fcc139a1","storageBucket":"ia-291a4.appspot.com","apiKey":"AIzaSyDvo7PHv6xD0_y_0ymJwgbiGZfNhwrsCRQ","authDomain":"ia-291a4.firebaseapp.com","messagingSenderId":"560232038900","measurementId":"G-48TRZCF4N0"}
[info] i  hosting: Serving hosting files from: build {"metadata":{"emulator":{"name":"hosting"},"message":"Serving hosting files from: \u001b[1mbuild\u001b[22m"}}
[info] +  hosting: Local server: http://localhost:5000 {"metadata":{"emulator":{"name":"hosting"},"message":"Local server: \u001b[4m\u001b[1mhttp://localhost:5000\u001b[22m\u001b[24m"}}
[debug] [2021-02-26T23:59:42.705Z] Ignoring unsupported arg: auto_download {"metadata":{"emulator":{"name":"ui"},"message":"Ignoring unsupported arg: auto_download"}}
[debug] [2021-02-26T23:59:42.706Z] Ignoring unsupported arg: port {"metadata":{"emulator":{"name":"ui"},"message":"Ignoring unsupported arg: port"}}
[debug] [2021-02-26T23:59:42.706Z] Starting Emulator UI with command {"binary":"node","args":["C:\\Users\\loshp\\.cache\\firebase\\emulators\\ui-v1.4.2\\server.bundle.js"],"optionalArgs":[],"joinArgs":false} {"metadata":{"emulator":{"name":"ui"},"message":"Starting Emulator UI with command {\"binary\":\"node\",\"args\":[\"C:\\\\Users\\\\loshp\\\\.cache\\\\firebase\\\\emulators\\\\ui-v1.4.2\\\\server.bundle.js\"],\"optionalArgs\":[],\"joinArgs\":false}"}}
[info] i  ui: Emulator UI logging to ui-debug.log {"metadata":{"emulator":{"name":"ui"},"message":"Emulator UI logging to \u001b[1mui-debug.log\u001b[22m"}}
[debug] [2021-02-26T23:59:42.797Z] Web / API server started at http://localhost:4000
 {"metadata":{"emulator":{"name":"ui"},"message":"Web / API server started at http://localhost:4000\n"}}
[info] i  functions: Watching "D:\Education\Web\react\projects\amazon-clone\functions" for Cloud Functions... {"metadata":{"emulator":{"name":"functions"},"message":"Watching \"D:\\Education\\Web\\react\\projects\\amazon-clone\\functions\" for Cloud Functions..."}}
[debug] [2021-02-26T23:59:42.986Z] [worker-pool] addWorker(~diagnostic~) {"metadata":{"emulator":{"name":"functions"},"message":"[worker-pool] addWorker(~diagnostic~)"}}
[debug] [2021-02-26T23:59:42.987Z] [worker-pool] Adding worker with key ~diagnostic~, total=1 {"metadata":{"emulator":{"name":"functions"},"message":"[worker-pool] Adding worker with key ~diagnostic~, total=1"}}
[debug] [2021-02-26T23:59:42.987Z] [worker-pool] submitWork(triggerId=) {"metadata":{"emulator":{"name":"functions"},"message":"[worker-pool] submitWork(triggerId=)"}}
[debug] [2021-02-26T23:59:42.987Z] [worker-~diagnostic~-16c5c8ae-b755-4e27-8821-8c5b79cb0a01]: Assigning socketPath: \\?\pipe\D:\Education\Web\react\projects\amazon-clone\functions\5968 {"metadata":{"emulator":{"name":"functions"},"message":"[worker-~diagnostic~-16c5c8ae-b755-4e27-8821-8c5b79cb0a01]: Assigning socketPath: \\\\?\\pipe\\D:\\Education\\Web\\react\\projects\\amazon-clone\\functions\\5968"}}
[debug] [2021-02-26T23:59:42.987Z] [worker-~diagnostic~-16c5c8ae-b755-4e27-8821-8c5b79cb0a01]: BUSY {"metadata":{"emulator":{"name":"functions"},"message":"[worker-~diagnostic~-16c5c8ae-b755-4e27-8821-8c5b79cb0a01]: BUSY"}}
[debug] [2021-02-26T23:59:43.124Z] [runtime-status] [5968] Functions runtime initialized. {"cwd":"D:\\Education\\Web\\react\\projects\\amazon-clone\\functions","node_version":"15.1.0"} {"metadata":{"emulator":{"name":"functions"},"message":"[runtime-status] [5968] Functions runtime initialized. {\"cwd\":\"D:\\\\Education\\\\Web\\\\react\\\\projects\\\\amazon-clone\\\\functions\",\"node_version\":\"15.1.0\"}"}}
[debug] [2021-02-26T23:59:43.124Z] [runtime-status] [5968] Disabled runtime features: undefined {"metadata":{"emulator":{"name":"functions"},"message":"[runtime-status] [5968] Disabled runtime features: undefined"}}
[debug] [2021-02-26T23:59:43.127Z] [runtime-status] [5968] Resolved module firebase-admin {"declared":true,"installed":true,"version":"9.5.0","resolution":"D:\\Education\\Web\\react\\projects\\amazon-clone\\functions\\node_modules\\firebase-admin\\lib\\index.js"} {"metadata":{"emulator":{"name":"functions"},"message":"[runtime-status] [5968] Resolved module firebase-admin {\"declared\":true,\"installed\":true,\"version\":\"9.5.0\",\"resolution\":\"D:\\\\Education\\\\Web\\\\react\\\\projects\\\\amazon-clone\\\\functions\\\\node_modules\\\\firebase-admin\\\\lib\\\\index.js\"}"}}
[debug] [2021-02-26T23:59:43.128Z] [runtime-status] [5968] Resolved module firebase-functions {"declared":true,"installed":true,"version":"3.13.2","resolution":"D:\\Education\\Web\\react\\projects\\amazon-clone\\functions\\node_modules\\firebase-functions\\lib\\index.js"} {"metadata":{"emulator":{"name":"functions"},"message":"[runtime-status] [5968] Resolved module firebase-functions {\"declared\":true,\"installed\":true,\"version\":\"3.13.2\",\"resolution\":\"D:\\\\Education\\\\Web\\\\react\\\\projects\\\\amazon-clone\\\\functions\\\\node_modules\\\\firebase-functions\\\\lib\\\\index.js\"}"}}
[debug] [2021-02-26T23:59:43.129Z] [runtime-status] [5968] Resolved module firebase-functions {"declared":true,"installed":true,"version":"3.13.2","resolution":"D:\\Education\\Web\\react\\projects\\amazon-clone\\functions\\node_modules\\firebase-functions\\lib\\index.js"} {"metadata":{"emulator":{"name":"functions"},"message":"[runtime-status] [5968] Resolved module firebase-functions {\"declared\":true,\"installed\":true,\"version\":\"3.13.2\",\"resolution\":\"D:\\\\Education\\\\Web\\\\react\\\\projects\\\\amazon-clone\\\\functions\\\\node_modules\\\\firebase-functions\\\\lib\\\\index.js\"}"}}
[debug] [2021-02-26T23:59:43.130Z] [runtime-status] [5968] Outgoing network have been stubbed. [{"name":"http","status":"mocked"},{"name":"http","status":"mocked"},{"name":"https","status":"mocked"},{"name":"https","status":"mocked"},{"name":"net","status":"mocked"}] {"metadata":{"emulator":{"name":"functions"},"message":"[runtime-status] [5968] Outgoing network have been stubbed. [{\"name\":\"http\",\"status\":\"mocked\"},{\"name\":\"http\",\"status\":\"mocked\"},{\"name\":\"https\",\"status\":\"mocked\"},{\"name\":\"https\",\"status\":\"mocked\"},{\"name\":\"net\",\"status\":\"mocked\"}]"}}
[debug] [2021-02-26T23:59:43.131Z] [runtime-status] [5968] Resolved module firebase-functions {"declared":true,"installed":true,"version":"3.13.2","resolution":"D:\\Education\\Web\\react\\projects\\amazon-clone\\functions\\node_modules\\firebase-functions\\lib\\index.js"} {"metadata":{"emulator":{"name":"functions"},"message":"[runtime-status] [5968] Resolved module firebase-functions {\"declared\":true,\"installed\":true,\"version\":\"3.13.2\",\"resolution\":\"D:\\\\Education\\\\Web\\\\react\\\\projects\\\\amazon-clone\\\\functions\\\\node_modules\\\\firebase-functions\\\\lib\\\\index.js\"}"}}
[debug] [2021-02-26T23:59:43.168Z] [runtime-status] [5968] Checked functions.config() {"config":{}} {"metadata":{"emulator":{"name":"functions"},"message":"[runtime-status] [5968] Checked functions.config() {\"config\":{}}"}}
[debug] [2021-02-26T23:59:43.168Z] [runtime-status] [5968] firebase-functions has been stubbed. {"functionsResolution":{"declared":true,"installed":true,"version":"3.13.2","resolution":"D:\\Education\\Web\\react\\projects\\amazon-clone\\functions\\node_modules\\firebase-functions\\lib\\index.js"}} {"metadata":{"emulator":{"name":"functions"},"message":"[runtime-status] [5968] firebase-functions has been stubbed. {\"functionsResolution\":{\"declared\":true,\"installed\":true,\"version\":\"3.13.2\",\"resolution\":\"D:\\\\Education\\\\Web\\\\react\\\\projects\\\\amazon-clone\\\\functions\\\\node_modules\\\\firebase-functions\\\\lib\\\\index.js\"}}"}}
[debug] [2021-02-26T23:59:43.168Z] [runtime-status] [5968] Resolved module firebase-functions {"declared":true,"installed":true,"version":"3.13.2","resolution":"D:\\Education\\Web\\react\\projects\\amazon-clone\\functions\\node_modules\\firebase-functions\\lib\\index.js"} {"metadata":{"emulator":{"name":"functions"},"message":"[runtime-status] [5968] Resolved module firebase-functions {\"declared\":true,\"installed\":true,\"version\":\"3.13.2\",\"resolution\":\"D:\\\\Education\\\\Web\\\\react\\\\projects\\\\amazon-clone\\\\functions\\\\node_modules\\\\firebase-functions\\\\lib\\\\index.js\"}"}}
[debug] [2021-02-26T23:59:43.169Z] [runtime-status] [5968] Resolved module firebase-admin {"declared":true,"installed":true,"version":"9.5.0","resolution":"D:\\Education\\Web\\react\\projects\\amazon-clone\\functions\\node_modules\\firebase-admin\\lib\\index.js"} {"metadata":{"emulator":{"name":"functions"},"message":"[runtime-status] [5968] Resolved module firebase-admin {\"declared\":true,\"installed\":true,\"version\":\"9.5.0\",\"resolution\":\"D:\\\\Education\\\\Web\\\\react\\\\projects\\\\amazon-clone\\\\functions\\\\node_modules\\\\firebase-admin\\\\lib\\\\index.js\"}"}}
[debug] [2021-02-26T23:59:43.170Z] [runtime-status] [5968] Resolved module firebase-functions {"declared":true,"installed":true,"version":"3.13.2","resolution":"D:\\Education\\Web\\react\\projects\\amazon-clone\\functions\\node_modules\\firebase-functions\\lib\\index.js"} {"metadata":{"emulator":{"name":"functions"},"message":"[runtime-status] [5968] Resolved module firebase-functions {\"declared\":true,\"installed\":true,\"version\":\"3.13.2\",\"resolution\":\"D:\\\\Education\\\\Web\\\\react\\\\projects\\\\amazon-clone\\\\functions\\\\node_modules\\\\firebase-functions\\\\lib\\\\index.js\"}"}}
[debug] [2021-02-26T23:59:43.170Z] [runtime-status] [5968] firebase-admin has been stubbed. {"adminResolution":{"declared":true,"installed":true,"version":"9.5.0","resolution":"D:\\Education\\Web\\react\\projects\\amazon-clone\\functions\\node_modules\\firebase-admin\\lib\\index.js"}} {"metadata":{"emulator":{"name":"functions"},"message":"[runtime-status] [5968] firebase-admin has been stubbed. {\"adminResolution\":{\"declared\":true,\"installed\":true,\"version\":\"9.5.0\",\"resolution\":\"D:\\\\Education\\\\Web\\\\react\\\\projects\\\\amazon-clone\\\\functions\\\\node_modules\\\\firebase-admin\\\\lib\\\\index.js\"}}"}}
[info] +  functions[api]: http function initialized (http://localhost:5001/ia-291a4/us-central1/api). {"metadata":{"emulator":{"name":"functions"},"message":"\u001b[1mhttp\u001b[22m function initialized (http://localhost:5001/ia-291a4/us-central1/api)."}}
[info] 
┌─────────────────────────────────────────────────────────────┐
│ ✔  All emulators ready! It is now safe to connect your app. │
│ i  View Emulator UI at http://localhost:4000                │
└─────────────────────────────────────────────────────────────┘

┌───────────┬────────────────┬─────────────────────────────────┐
│ Emulator  │ Host:Port      │ View in Emulator UI             │
├───────────┼────────────────┼─────────────────────────────────┤
│ Functions │ localhost:5001 │ http://localhost:4000/functions │
├───────────┼────────────────┼─────────────────────────────────┤
│ Hosting   │ localhost:5000 │ n/a                             │
└───────────┴────────────────┴─────────────────────────────────┘
  Emulator Hub running at localhost:4400
  Other reserved ports: 4500

Issues? Report them at https://github.com/firebase/firebase-tools/issues and attach the *-debug.log files.
 
[debug] [2021-02-26T23:59:43.560Z] [worker-~diagnostic~-16c5c8ae-b755-4e27-8821-8c5b79cb0a01]: IDLE {"metadata":{"emulator":{"name":"functions"},"message":"[worker-~diagnostic~-16c5c8ae-b755-4e27-8821-8c5b79cb0a01]: IDLE"}}
[debug] [2021-02-26T23:59:57.660Z] [work-queue] {"queueLength":1,"workRunningCount":0}
[debug] [2021-02-26T23:59:57.660Z] [work-queue] {"queueLength":0,"workRunningCount":1}
[debug] [2021-02-26T23:59:57.660Z] Accepted request GET /ia-291a4/us-central1/api/payments/create?total=10 --> api
[debug] [2021-02-26T23:59:57.664Z] [worker-pool] addWorker(api) {"metadata":{"emulator":{"name":"functions"},"message":"[worker-pool] addWorker(api)"}}
[debug] [2021-02-26T23:59:57.664Z] [worker-pool] Adding worker with key api, total=1 {"metadata":{"emulator":{"name":"functions"},"message":"[worker-pool] Adding worker with key api, total=1"}}
[debug] [2021-02-26T23:59:57.664Z] [worker-pool] submitWork(triggerId=api) {"metadata":{"emulator":{"name":"functions"},"message":"[worker-pool] submitWork(triggerId=api)"}}
[debug] [2021-02-26T23:59:57.664Z] [worker-api-83212dc1-134d-46dd-bdd4-4ab0f491f534]: Assigning socketPath: \\?\pipe\D:\Education\Web\react\projects\amazon-clone\functions\14952 {"metadata":{"emulator":{"name":"functions"},"message":"[worker-api-83212dc1-134d-46dd-bdd4-4ab0f491f534]: Assigning socketPath: \\\\?\\pipe\\D:\\Education\\Web\\react\\projects\\amazon-clone\\functions\\14952"}}
[debug] [2021-02-26T23:59:57.664Z] [worker-api-83212dc1-134d-46dd-bdd4-4ab0f491f534]: BUSY {"metadata":{"emulator":{"name":"functions"},"message":"[worker-api-83212dc1-134d-46dd-bdd4-4ab0f491f534]: BUSY"}}
[debug] [2021-02-26T23:59:57.805Z] [runtime-status] [14952] Functions runtime initialized. {"cwd":"D:\\Education\\Web\\react\\projects\\amazon-clone\\functions","node_version":"15.1.0"} {"metadata":{"emulator":{"name":"functions"},"function":{"name":"api"},"message":"[runtime-status] [14952] Functions runtime initialized. {\"cwd\":\"D:\\\\Education\\\\Web\\\\react\\\\projects\\\\amazon-clone\\\\functions\",\"node_version\":\"15.1.0\"}"}}
[debug] [2021-02-26T23:59:57.806Z] [runtime-status] [14952] Disabled runtime features: undefined {"metadata":{"emulator":{"name":"functions"},"function":{"name":"api"},"message":"[runtime-status] [14952] Disabled runtime features: undefined"}}
[debug] [2021-02-26T23:59:57.808Z] [runtime-status] [14952] Resolved module firebase-admin {"declared":true,"installed":true,"version":"9.5.0","resolution":"D:\\Education\\Web\\react\\projects\\amazon-clone\\functions\\node_modules\\firebase-admin\\lib\\index.js"} {"metadata":{"emulator":{"name":"functions"},"function":{"name":"api"},"message":"[runtime-status] [14952] Resolved module firebase-admin {\"declared\":true,\"installed\":true,\"version\":\"9.5.0\",\"resolution\":\"D:\\\\Education\\\\Web\\\\react\\\\projects\\\\amazon-clone\\\\functions\\\\node_modules\\\\firebase-admin\\\\lib\\\\index.js\"}"}}
[debug] [2021-02-26T23:59:57.810Z] [runtime-status] [14952] Resolved module firebase-functions {"declared":true,"installed":true,"version":"3.13.2","resolution":"D:\\Education\\Web\\react\\projects\\amazon-clone\\functions\\node_modules\\firebase-functions\\lib\\index.js"} {"metadata":{"emulator":{"name":"functions"},"function":{"name":"api"},"message":"[runtime-status] [14952] Resolved module firebase-functions {\"declared\":true,\"installed\":true,\"version\":\"3.13.2\",\"resolution\":\"D:\\\\Education\\\\Web\\\\react\\\\projects\\\\amazon-clone\\\\functions\\\\node_modules\\\\firebase-functions\\\\lib\\\\index.js\"}"}}
[debug] [2021-02-26T23:59:57.813Z] [runtime-status] [14952] Resolved module firebase-functions {"declared":true,"installed":true,"version":"3.13.2","resolution":"D:\\Education\\Web\\react\\projects\\amazon-clone\\functions\\node_modules\\firebase-functions\\lib\\index.js"} {"metadata":{"emulator":{"name":"functions"},"function":{"name":"api"},"message":"[runtime-status] [14952] Resolved module firebase-functions {\"declared\":true,\"installed\":true,\"version\":\"3.13.2\",\"resolution\":\"D:\\\\Education\\\\Web\\\\react\\\\projects\\\\amazon-clone\\\\functions\\\\node_modules\\\\firebase-functions\\\\lib\\\\index.js\"}"}}
[debug] [2021-02-26T23:59:57.814Z] [runtime-status] [14952] Outgoing network have been stubbed. [{"name":"http","status":"mocked"},{"name":"http","status":"mocked"},{"name":"https","status":"mocked"},{"name":"https","status":"mocked"},{"name":"net","status":"mocked"}] {"metadata":{"emulator":{"name":"functions"},"function":{"name":"api"},"message":"[runtime-status] [14952] Outgoing network have been stubbed. [{\"name\":\"http\",\"status\":\"mocked\"},{\"name\":\"http\",\"status\":\"mocked\"},{\"name\":\"https\",\"status\":\"mocked\"},{\"name\":\"https\",\"status\":\"mocked\"},{\"name\":\"net\",\"status\":\"mocked\"}]"}}
[debug] [2021-02-26T23:59:57.815Z] [runtime-status] [14952] Resolved module firebase-functions {"declared":true,"installed":true,"version":"3.13.2","resolution":"D:\\Education\\Web\\react\\projects\\amazon-clone\\functions\\node_modules\\firebase-functions\\lib\\index.js"} {"metadata":{"emulator":{"name":"functions"},"function":{"name":"api"},"message":"[runtime-status] [14952] Resolved module firebase-functions {\"declared\":true,\"installed\":true,\"version\":\"3.13.2\",\"resolution\":\"D:\\\\Education\\\\Web\\\\react\\\\projects\\\\amazon-clone\\\\functions\\\\node_modules\\\\firebase-functions\\\\lib\\\\index.js\"}"}}
[debug] [2021-02-26T23:59:57.854Z] [runtime-status] [14952] Checked functions.config() {"config":{}} {"metadata":{"emulator":{"name":"functions"},"function":{"name":"api"},"message":"[runtime-status] [14952] Checked functions.config() {\"config\":{}}"}}
[debug] [2021-02-26T23:59:57.855Z] [runtime-status] [14952] firebase-functions has been stubbed. {"functionsResolution":{"declared":true,"installed":true,"version":"3.13.2","resolution":"D:\\Education\\Web\\react\\projects\\amazon-clone\\functions\\node_modules\\firebase-functions\\lib\\index.js"}} {"metadata":{"emulator":{"name":"functions"},"function":{"name":"api"},"message":"[runtime-status] [14952] firebase-functions has been stubbed. {\"functionsResolution\":{\"declared\":true,\"installed\":true,\"version\":\"3.13.2\",\"resolution\":\"D:\\\\Education\\\\Web\\\\react\\\\projects\\\\amazon-clone\\\\functions\\\\node_modules\\\\firebase-functions\\\\lib\\\\index.js\"}}"}}
[debug] [2021-02-26T23:59:57.855Z] [runtime-status] [14952] Resolved module firebase-functions {"declared":true,"installed":true,"version":"3.13.2","resolution":"D:\\Education\\Web\\react\\projects\\amazon-clone\\functions\\node_modules\\firebase-functions\\lib\\index.js"} {"metadata":{"emulator":{"name":"functions"},"function":{"name":"api"},"message":"[runtime-status] [14952] Resolved module firebase-functions {\"declared\":true,\"installed\":true,\"version\":\"3.13.2\",\"resolution\":\"D:\\\\Education\\\\Web\\\\react\\\\projects\\\\amazon-clone\\\\functions\\\\node_modules\\\\firebase-functions\\\\lib\\\\index.js\"}"}}
[debug] [2021-02-26T23:59:57.856Z] [runtime-status] [14952] Resolved module firebase-admin {"declared":true,"installed":true,"version":"9.5.0","resolution":"D:\\Education\\Web\\react\\projects\\amazon-clone\\functions\\node_modules\\firebase-admin\\lib\\index.js"} {"metadata":{"emulator":{"name":"functions"},"function":{"name":"api"},"message":"[runtime-status] [14952] Resolved module firebase-admin {\"declared\":true,\"installed\":true,\"version\":\"9.5.0\",\"resolution\":\"D:\\\\Education\\\\Web\\\\react\\\\projects\\\\amazon-clone\\\\functions\\\\node_modules\\\\firebase-admin\\\\lib\\\\index.js\"}"}}
[debug] [2021-02-26T23:59:57.856Z] [runtime-status] [14952] Resolved module firebase-functions {"declared":true,"installed":true,"version":"3.13.2","resolution":"D:\\Education\\Web\\react\\projects\\amazon-clone\\functions\\node_modules\\firebase-functions\\lib\\index.js"} {"metadata":{"emulator":{"name":"functions"},"function":{"name":"api"},"message":"[runtime-status] [14952] Resolved module firebase-functions {\"declared\":true,\"installed\":true,\"version\":\"3.13.2\",\"resolution\":\"D:\\\\Education\\\\Web\\\\react\\\\projects\\\\amazon-clone\\\\functions\\\\node_modules\\\\firebase-functions\\\\lib\\\\index.js\"}"}}
[debug] [2021-02-26T23:59:57.856Z] [runtime-status] [14952] firebase-admin has been stubbed. {"adminResolution":{"declared":true,"installed":true,"version":"9.5.0","resolution":"D:\\Education\\Web\\react\\projects\\amazon-clone\\functions\\node_modules\\firebase-admin\\lib\\index.js"}} {"metadata":{"emulator":{"name":"functions"},"function":{"name":"api"},"message":"[runtime-status] [14952] firebase-admin has been stubbed. {\"adminResolution\":{\"declared\":true,\"installed\":true,\"version\":\"9.5.0\",\"resolution\":\"D:\\\\Education\\\\Web\\\\react\\\\projects\\\\amazon-clone\\\\functions\\\\node_modules\\\\firebase-admin\\\\lib\\\\index.js\"}}"}}
[debug] [2021-02-26T23:59:57.983Z] [runtime-status] [14952] Trigger "api" has been found, beginning invocation! {"metadata":{"emulator":{"name":"functions"},"function":{"name":"api"},"message":"[runtime-status] [14952] Trigger \"api\" has been found, beginning invocation!"}}
[info] i  functions: Beginning execution of "api" {"metadata":{"emulator":{"name":"functions"},"function":{"name":"api"},"message":"Beginning execution of \"api\""}}
[debug] [2021-02-26T23:59:57.984Z] [runtime-status] [14952] triggerDefinition {"httpsTrigger":{},"name":"api","entryPoint":"api"} {"metadata":{"emulator":{"name":"functions"},"function":{"name":"api"},"message":"[runtime-status] [14952] triggerDefinition {\"httpsTrigger\":{},\"name\":\"api\",\"entryPoint\":\"api\"}"}}
[debug] [2021-02-26T23:59:57.984Z] [runtime-status] [14952] Running api in mode HTTPS {"metadata":{"emulator":{"name":"functions"},"function":{"name":"api"},"message":"[runtime-status] [14952] Running api in mode HTTPS"}}
[debug] [2021-02-26T23:59:57.987Z] [runtime-status] [14952] Attempting to listen to socketPath: \\?\pipe\D:\Education\Web\react\projects\amazon-clone\functions\14952 {"metadata":{"emulator":{"name":"functions"},"function":{"name":"api"},"message":"[runtime-status] [14952] Attempting to listen to socketPath: \\\\?\\pipe\\D:\\Education\\Web\\react\\projects\\amazon-clone\\functions\\14952"}}
[debug] [2021-02-26T23:59:57.989Z] [functions] Runtime ready! Sending request! {"metadata":{"emulator":{"name":"functions"},"message":"[functions] Runtime ready! Sending request!"}}
[debug] [2021-02-26T23:59:57.990Z] [functions] Got req.url=/ia-291a4/us-central1/api/payments/create?total=10, mapping to path=/payments/create?total=10 {"metadata":{"emulator":{"name":"functions"},"message":"[functions] Got req.url=/ia-291a4/us-central1/api/payments/create?total=10, mapping to path=/payments/create?total=10"}}
[debug] [2021-02-26T23:59:57.997Z] [runtime-status] [14952] Ephemeral server handling GET request {"metadata":{"emulator":{"name":"functions"},"function":{"name":"api"},"message":"[runtime-status] [14952] Ephemeral server handling GET request"}}
[debug] [2021-02-26T23:59:58.003Z] [runtime-status] [14952] Ephemeral server survived. {"metadata":{"emulator":{"name":"functions"},"function":{"name":"api"},"message":"[runtime-status] [14952] Ephemeral server survived."}}
[info] i  functions: Finished "api" in ~1s {"metadata":{"emulator":{"name":"functions"},"function":{"name":"api"},"message":"Finished \"api\" in ~1s"}}
[debug] [2021-02-26T23:59:58.004Z] [worker-api-83212dc1-134d-46dd-bdd4-4ab0f491f534]: IDLE {"metadata":{"emulator":{"name":"functions"},"message":"[worker-api-83212dc1-134d-46dd-bdd4-4ab0f491f534]: IDLE"}}
[debug] [2021-02-26T23:59:58.005Z] [work-queue] {"queueLength":0,"workRunningCount":0}
[debug] [2021-02-27T00:00:02.191Z] [work-queue] {"queueLength":1,"workRunningCount":0}
[debug] [2021-02-27T00:00:02.191Z] [work-queue] {"queueLength":0,"workRunningCount":1}
[debug] [2021-02-27T00:00:02.192Z] Accepted request GET /ia-291a4/us-central1/api --> api
[debug] [2021-02-27T00:00:02.192Z] [worker-pool] submitWork(triggerId=api) {"metadata":{"emulator":{"name":"functions"},"message":"[worker-pool] submitWork(triggerId=api)"}}
[debug] [2021-02-27T00:00:02.193Z] [worker-api-83212dc1-134d-46dd-bdd4-4ab0f491f534]: Assigning socketPath: \\?\pipe\D:\Education\Web\react\projects\amazon-clone\functions\14952 {"metadata":{"emulator":{"name":"functions"},"message":"[worker-api-83212dc1-134d-46dd-bdd4-4ab0f491f534]: Assigning socketPath: \\\\?\\pipe\\D:\\Education\\Web\\react\\projects\\amazon-clone\\functions\\14952"}}
[debug] [2021-02-27T00:00:02.194Z] [worker-api-83212dc1-134d-46dd-bdd4-4ab0f491f534]: BUSY {"metadata":{"emulator":{"name":"functions"},"message":"[worker-api-83212dc1-134d-46dd-bdd4-4ab0f491f534]: BUSY"}}
[debug] [2021-02-27T00:00:02.195Z] [runtime-status] [14952] Trigger "api" has been found, beginning invocation! {"metadata":{"emulator":{"name":"functions"},"function":{"name":"api"},"message":"[runtime-status] [14952] Trigger \"api\" has been found, beginning invocation!"}}
[info] i  functions: Beginning execution of "api" {"metadata":{"emulator":{"name":"functions"},"function":{"name":"api"},"message":"Beginning execution of \"api\""}}
[debug] [2021-02-27T00:00:02.199Z] [runtime-status] [14952] triggerDefinition {"httpsTrigger":{},"name":"api","entryPoint":"api"} {"metadata":{"emulator":{"name":"functions"},"function":{"name":"api"},"message":"[runtime-status] [14952] triggerDefinition {\"httpsTrigger\":{},\"name\":\"api\",\"entryPoint\":\"api\"}"}}
[debug] [2021-02-27T00:00:02.199Z] [runtime-status] [14952] Running api in mode HTTPS {"metadata":{"emulator":{"name":"functions"},"function":{"name":"api"},"message":"[runtime-status] [14952] Running api in mode HTTPS"}}
[debug] [2021-02-27T00:00:02.200Z] [runtime-status] [14952] Attempting to listen to socketPath: \\?\pipe\D:\Education\Web\react\projects\amazon-clone\functions\14952 {"metadata":{"emulator":{"name":"functions"},"function":{"name":"api"},"message":"[runtime-status] [14952] Attempting to listen to socketPath: \\\\?\\pipe\\D:\\Education\\Web\\react\\projects\\amazon-clone\\functions\\14952"}}
[debug] [2021-02-27T00:00:02.201Z] [functions] Runtime ready! Sending request! {"metadata":{"emulator":{"name":"functions"},"message":"[functions] Runtime ready! Sending request!"}}
[debug] [2021-02-27T00:00:02.201Z] [functions] Got req.url=/ia-291a4/us-central1/api, mapping to path=/ {"metadata":{"emulator":{"name":"functions"},"message":"[functions] Got req.url=/ia-291a4/us-central1/api, mapping to path=/"}}
[debug] [2021-02-27T00:00:02.203Z] [runtime-status] [14952] Ephemeral server handling GET request {"metadata":{"emulator":{"name":"functions"},"function":{"name":"api"},"message":"[runtime-status] [14952] Ephemeral server handling GET request"}}
[debug] [2021-02-27T00:00:02.206Z] [runtime-status] [14952] Ephemeral server survived. {"metadata":{"emulator":{"name":"functions"},"function":{"name":"api"},"message":"[runtime-status] [14952] Ephemeral server survived."}}
[info] i  functions: Finished "api" in ~1s {"metadata":{"emulator":{"name":"functions"},"function":{"name":"api"},"message":"Finished \"api\" in ~1s"}}
[debug] [2021-02-27T00:00:02.207Z] [worker-api-83212dc1-134d-46dd-bdd4-4ab0f491f534]: IDLE {"metadata":{"emulator":{"name":"functions"},"message":"[worker-api-83212dc1-134d-46dd-bdd4-4ab0f491f534]: IDLE"}}
[debug] [2021-02-27T00:00:02.207Z] [work-queue] {"queueLength":0,"workRunningCount":0}
[debug] [2021-02-27T00:00:13.464Z] [work-queue] {"queueLength":1,"workRunningCount":0}
[debug] [2021-02-27T00:00:13.464Z] [work-queue] {"queueLength":0,"workRunningCount":1}
[debug] [2021-02-27T00:00:13.464Z] Accepted request GET /ia-291a4/us-central1/api/payments/create?total=10000 --> api
[debug] [2021-02-27T00:00:13.464Z] [worker-pool] submitWork(triggerId=api) {"metadata":{"emulator":{"name":"functions"},"message":"[worker-pool] submitWork(triggerId=api)"}}
[debug] [2021-02-27T00:00:13.464Z] [worker-api-83212dc1-134d-46dd-bdd4-4ab0f491f534]: Assigning socketPath: \\?\pipe\D:\Education\Web\react\projects\amazon-clone\functions\14952 {"metadata":{"emulator":{"name":"functions"},"message":"[worker-api-83212dc1-134d-46dd-bdd4-4ab0f491f534]: Assigning socketPath: \\\\?\\pipe\\D:\\Education\\Web\\react\\projects\\amazon-clone\\functions\\14952"}}
[debug] [2021-02-27T00:00:13.464Z] [worker-api-83212dc1-134d-46dd-bdd4-4ab0f491f534]: BUSY {"metadata":{"emulator":{"name":"functions"},"message":"[worker-api-83212dc1-134d-46dd-bdd4-4ab0f491f534]: BUSY"}}
[debug] [2021-02-27T00:00:13.465Z] [runtime-status] [14952] Trigger "api" has been found, beginning invocation! {"metadata":{"emulator":{"name":"functions"},"function":{"name":"api"},"message":"[runtime-status] [14952] Trigger \"api\" has been found, beginning invocation!"}}
[info] i  functions: Beginning execution of "api" {"metadata":{"emulator":{"name":"functions"},"function":{"name":"api"},"message":"Beginning execution of \"api\""}}
[debug] [2021-02-27T00:00:13.467Z] [runtime-status] [14952] triggerDefinition {"httpsTrigger":{},"name":"api","entryPoint":"api"} {"metadata":{"emulator":{"name":"functions"},"function":{"name":"api"},"message":"[runtime-status] [14952] triggerDefinition {\"httpsTrigger\":{},\"name\":\"api\",\"entryPoint\":\"api\"}"}}
[debug] [2021-02-27T00:00:13.468Z] [runtime-status] [14952] Running api in mode HTTPS {"metadata":{"emulator":{"name":"functions"},"function":{"name":"api"},"message":"[runtime-status] [14952] Running api in mode HTTPS"}}
[debug] [2021-02-27T00:00:13.468Z] [runtime-status] [14952] Attempting to listen to socketPath: \\?\pipe\D:\Education\Web\react\projects\amazon-clone\functions\14952 {"metadata":{"emulator":{"name":"functions"},"function":{"name":"api"},"message":"[runtime-status] [14952] Attempting to listen to socketPath: \\\\?\\pipe\\D:\\Education\\Web\\react\\projects\\amazon-clone\\functions\\14952"}}
[debug] [2021-02-27T00:00:13.468Z] [functions] Runtime ready! Sending request! {"metadata":{"emulator":{"name":"functions"},"message":"[functions] Runtime ready! Sending request!"}}
[debug] [2021-02-27T00:00:13.469Z] [functions] Got req.url=/ia-291a4/us-central1/api/payments/create?total=10000, mapping to path=/payments/create?total=10000 {"metadata":{"emulator":{"name":"functions"},"message":"[functions] Got req.url=/ia-291a4/us-central1/api/payments/create?total=10000, mapping to path=/payments/create?total=10000"}}
[debug] [2021-02-27T00:00:13.471Z] [runtime-status] [14952] Ephemeral server handling GET request {"metadata":{"emulator":{"name":"functions"},"function":{"name":"api"},"message":"[runtime-status] [14952] Ephemeral server handling GET request"}}
[debug] [2021-02-27T00:00:13.472Z] [runtime-status] [14952] Ephemeral server survived. {"metadata":{"emulator":{"name":"functions"},"function":{"name":"api"},"message":"[runtime-status] [14952] Ephemeral server survived."}}
[info] i  functions: Finished "api" in ~1s {"metadata":{"emulator":{"name":"functions"},"function":{"name":"api"},"message":"Finished \"api\" in ~1s"}}
[debug] [2021-02-27T00:00:13.473Z] [worker-api-83212dc1-134d-46dd-bdd4-4ab0f491f534]: IDLE {"metadata":{"emulator":{"name":"functions"},"message":"[worker-api-83212dc1-134d-46dd-bdd4-4ab0f491f534]: IDLE"}}
[debug] [2021-02-27T00:00:13.473Z] [work-queue] {"queueLength":0,"workRunningCount":0}
